<?xml version="1.0" encoding="UTF-8"?>
<!-- Generated by org.testng.reporters.JUnitReportReporter -->
<testsuite hostname="LINMB266" name="com.cg.lesson06.TestNGAnnotationDemo1" tests="2" failures="0" timestamp="14 Feb 2019 06:43:40 GMT" time="0.000" errors="0">
  <testcase name="testCase2" time="0.000" classname="com.cg.lesson06.TestNGAnnotationDemo1"/>
  <testcase name="testCase1" time="0.000" classname="com.cg.lesson06.TestNGAnnotationDemo1"/>
</testsuite> <!-- com.cg.lesson06.TestNGAnnotationDemo1 -->
